
[7m[1m[36m RUN [39m[22m[27m [36mv1.6.1[39m [90mD:/G/backend-api-v1.http-server[39m

[90mstdout[2m | tests/execution-fraction-v5.test.ts[2m > [22m[2mV5 Fraction Execution Wiring[2m > [22m[2mshould execute P.FRAC_ADD_SAME_DEN on binaryOp when fraction is clicked[22m[39m
[Orchestrator] Using V5 PrimitiveMaster Path
[V5-ORCH] rootAst.id=root, kind=binaryOp
[NodeContext] Building for Click: {"nodeId":"term[0]","kind":"operator"}
[DEBUG-VISIT] root
[DEBUG-VISIT] term[0]
[NodeContext] Found Node type: fraction
[NodeContext] Found Parent: binaryOp
[NodeContext] Operator: +
[DEBUG-VISIT] root
[Matcher] FAIL: Left Operand Mismatch. Req: int, Act: fraction
[Matcher] Checking P.FRAC_ADD_SAME_DEN
[Matcher] SUCCESS: P.FRAC_ADD_SAME_DEN matched!
[V5-STEPMASTER] chosenPrimitiveId=P.FRAC_ADD_SAME_DEN operator=+ kind=green-primitive score=1
[StepMaster] Deciding among 1 candidates. Last step exists: true
[StepMaster] Enforcing locality for target: root
[StepMaster] Candidate v5-match rejected: repetitive
[StepMaster] Valid candidates: 0

[90mstdout[2m | tests/execution-fraction-v5.test.ts[2m > [22m[2mV5 Fraction Execution Wiring[2m > [22m[2mshould execute P.FRAC_ADD_SAME_DEN on binaryOp when fraction is clicked[22m[39m
[STEP SNAPSHOT] id=step-1765399128424 status=no-candidates

[90mstdout[2m | tests/execution-fraction-v5.test.ts[2m > [22m[2mV5 Fraction Execution Wiring[2m > [22m[2mshould still execute P.INT_ADD on binaryOp for integers[22m[39m
[Orchestrator] Using V5 PrimitiveMaster Path
[V5-ORCH] rootAst.id=root, kind=binaryOp
[NodeContext] Building for Click: {"nodeId":"root","kind":"operator"}
[DEBUG-VISIT] root
[NodeContext] Found Node type: binaryOp
[NodeContext] Operator: +
[Matcher] Checking P.FRAC_ADD_SAME_DEN
[Matcher] FAIL: Missing Guard: denominators-equal
[V5-STEPMASTER] chosenPrimitiveId=P.INT_ADD operator=+ kind=green-primitive score=1
[StepMaster] Deciding among 1 candidates. Last step exists: true
[StepMaster] Enforcing locality for target: root
[StepMaster] Candidate v5-match rejected: repetitive
[StepMaster] Valid candidates: 0

[90mstdout[2m | tests/execution-fraction-v5.test.ts[2m > [22m[2mV5 Fraction Execution Wiring[2m > [22m[2mshould still execute P.INT_ADD on binaryOp for integers[22m[39m
[STEP SNAPSHOT] id=step-1765399128432 status=no-candidates

[90mstdout[2m | tests/execution-fraction-v5.test.ts[2m > [22m[2mV5 Fraction Execution Wiring[2m > [22m[2mshould execute P.INT_ADD when integer node is clicked (Target Normalization)[22m[39m
[Orchestrator] Using V5 PrimitiveMaster Path
[V5-ORCH] rootAst.id=root, kind=binaryOp
[V5-TARGET] rawKind=number, parentKind=binaryOp, normalizedKind=operator, normalizedNodeId=root
[NodeContext] Building for Click: {"nodeId":"root","kind":"operator"}
[DEBUG-VISIT] root
[NodeContext] Found Node type: binaryOp
[NodeContext] Operator: +
[Matcher] Checking P.FRAC_ADD_SAME_DEN
[Matcher] FAIL: Missing Guard: denominators-equal
[V5-STEPMASTER] chosenPrimitiveId=P.INT_ADD operator=+ kind=green-primitive score=1
[StepMaster] Deciding among 1 candidates. Last step exists: true
[StepMaster] Enforcing locality for target: term[0]
[StepMaster] Candidate v5-match rejected: repetitive
[StepMaster] Valid candidates: 0

[90mstdout[2m | tests/execution-fraction-v5.test.ts[2m > [22m[2mV5 Fraction Execution Wiring[2m > [22m[2mshould execute P.INT_ADD when integer node is clicked (Target Normalization)[22m[39m
[STEP SNAPSHOT] id=step-1765399128434 status=no-candidates

 [33mÎ“Â¥Â»[39m tests/execution-fraction-v5.test.ts [2m ([22m[2m3 tests[22m [2m|[22m [31m3 failed[39m[2m)[22m[90m 17[2mms[22m[39m
[31m   [33mÎ“Â¥Â»[31m tests/execution-fraction-v5.test.ts[2m > [22mV5 Fraction Execution Wiring[2m > [22mshould execute P.FRAC_ADD_SAME_DEN on binaryOp when fraction is clicked[39m
[31m     Î“Ã¥Ã† expected 'no-candidates' to be 'step-applied' // Object.is equality[39m
[31m   [33mÎ“Â¥Â»[31m tests/execution-fraction-v5.test.ts[2m > [22mV5 Fraction Execution Wiring[2m > [22mshould still execute P.INT_ADD on binaryOp for integers[39m
[31m     Î“Ã¥Ã† expected 'no-candidates' to be 'step-applied' // Object.is equality[39m
[31m   [33mÎ“Â¥Â»[31m tests/execution-fraction-v5.test.ts[2m > [22mV5 Fraction Execution Wiring[2m > [22mshould execute P.INT_ADD when integer node is clicked (Target Normalization)[39m
[31m     Î“Ã¥Ã† expected 'no-candidates' to be 'step-applied' // Object.is equality[39m

Î“Ã„Â»Î“Ã„Â»Î“Ã„Â»Î“Ã„Â»Î“Ã„Â»Î“Ã„Â»Î“Ã„Â» Failed Tests 3 Î“Ã„Â»Î“Ã„Â»Î“Ã„Â»Î“Ã„Â»Î“Ã„Â»Î“Ã„Â»Î“Ã„Â»

 FAIL  tests/execution-fraction-v5.test.ts > V5 Fraction Execution Wiring > should execute P.FRAC_ADD_SAME_DEN on binaryOp when fraction is clicked
AssertionError: expected 'no-candidates' to be 'step-applied' // Object.is equality

- Expected
+ Received

- step-applied
+ no-candidates

 Î“Â¥Â» tests/execution-fraction-v5.test.ts:94:35
     92|             expect(result.engineResult?.errorCode).toBe('primitive-faiÎ“Ã‡Âª
     93|         } else {
     94|             expect(result.status).toBe('step-applied');
       |                                   ^
     95|             expect(result.engineResult?.newExpressionLatex).toBe('\\frÎ“Ã‡Âª
     96|         }

Î“Ã„Â»Î“Ã„Â»Î“Ã„Â»Î“Ã„Â»Î“Ã„Â»Î“Ã„Â»Î“Ã„Â»Î“Ã„Â»Î“Ã„Â»Î“Ã„Â»Î“Ã„Â»Î“Ã„Â»Î“Ã„Â»Î“Ã„Â»Î“Ã„Â»Î“Ã„Â»Î“Ã„Â»Î“Ã„Â»Î“Ã„Â»Î“Ã„Â»Î“Ã„Â»Î“Ã„Â»Î“Ã„Â»Î“Ã„Â»[1/3]Î“Ã„Â»

 FAIL  tests/execution-fraction-v5.test.ts > V5 Fraction Execution Wiring > should still execute P.INT_ADD on binaryOp for integers
AssertionError: expected 'no-candidates' to be 'step-applied' // Object.is equality

- Expected
+ Received

- step-applied
+ no-candidates

 Î“Â¥Â» tests/execution-fraction-v5.test.ts:120:31
    118|         const result = await runOrchestratorStep(ctx, req);
    119| 
    120|         expect(result.status).toBe('step-applied');
       |                               ^
    121|         // P.INT_ADD logic (mock) should produce 5? 
    122|         // Wait, does PrimitiveRunner implement P.INT_ADD? 

Î“Ã„Â»Î“Ã„Â»Î“Ã„Â»Î“Ã„Â»Î“Ã„Â»Î“Ã„Â»Î“Ã„Â»Î“Ã„Â»Î“Ã„Â»Î“Ã„Â»Î“Ã„Â»Î“Ã„Â»Î“Ã„Â»Î“Ã„Â»Î“Ã„Â»Î“Ã„Â»Î“Ã„Â»Î“Ã„Â»Î“Ã„Â»Î“Ã„Â»Î“Ã„Â»Î“Ã„Â»Î“Ã„Â»Î“Ã„Â»[2/3]Î“Ã„Â»

 FAIL  tests/execution-fraction-v5.test.ts > V5 Fraction Execution Wiring > should execute P.INT_ADD when integer node is clicked (Target Normalization)
AssertionError: expected 'no-candidates' to be 'step-applied' // Object.is equality

- Expected
+ Received

- step-applied
+ no-candidates

 Î“Â¥Â» tests/execution-fraction-v5.test.ts:147:31
    145|         const result = await runOrchestratorStep(ctx, req);
    146| 
    147|         expect(result.status).toBe('step-applied');
       |                               ^
    148|         expect(result.engineResult?.newExpressionLatex).toBe('5');
    149|     });

Î“Ã„Â»Î“Ã„Â»Î“Ã„Â»Î“Ã„Â»Î“Ã„Â»Î“Ã„Â»Î“Ã„Â»Î“Ã„Â»Î“Ã„Â»Î“Ã„Â»Î“Ã„Â»Î“Ã„Â»Î“Ã„Â»Î“Ã„Â»Î“Ã„Â»Î“Ã„Â»Î“Ã„Â»Î“Ã„Â»Î“Ã„Â»Î“Ã„Â»Î“Ã„Â»Î“Ã„Â»Î“Ã„Â»Î“Ã„Â»[3/3]Î“Ã„Â»

[2m Test Files [22m [1m[31m1 failed[39m[22m[90m (1)[39m
[2m      Tests [22m [1m[31m3 failed[39m[22m[90m (3)[39m
[2m   Start at [22m 15:38:47
[2m   Duration [22m 737ms[2m (transform 274ms, setup 1ms, collect 370ms, tests 17ms, environment 1ms, prepare 143ms)[22m

