{"numTotalTestSuites":145,"numPassedTestSuites":143,"numFailedTestSuites":2,"numPendingTestSuites":0,"numTotalTests":226,"numPassedTests":221,"numFailedTests":5,"numPendingTests":0,"numTodoTests":0,"startTime":1765690473099,"success":false,"testResults":[{"assertionResults":[{"ancestorTitles":["","Debug Endpoints"],"fullName":" Debug Endpoints POST /api/ast-debug returns AST for valid LaTeX","status":"passed","title":"POST /api/ast-debug returns AST for valid LaTeX","duration":267,"failureMessages":[]},{"ancestorTitles":["","Debug Endpoints"],"fullName":" Debug Endpoints POST /api/ast-debug returns error for invalid LaTeX","status":"passed","title":"POST /api/ast-debug returns error for invalid LaTeX","duration":48,"failureMessages":[]},{"ancestorTitles":["","Debug Endpoints"],"fullName":" Debug Endpoints POST /api/mapmaster-debug returns pipeline for valid input","status":"passed","title":"POST /api/mapmaster-debug returns pipeline for valid input","duration":136,"failureMessages":[]}],"startTime":1765690475673,"endTime":1765690476124,"status":"passed","message":"","name":"D:/G/backend-api-v1.http-server/tests/debug-endpoints.test.ts"},{"assertionResults":[{"ancestorTitles":["","Diagnostic: AST Structure for Chain Expressions"],"fullName":" Diagnostic: AST Structure for Chain Expressions parses 3*8*4 as left-associative ((3*8)*4)","status":"passed","title":"parses 3*8*4 as left-associative ((3*8)*4)","duration":3,"failureMessages":[]},{"ancestorTitles":["","Diagnostic: AST Structure for Chain Expressions"],"fullName":" Diagnostic: AST Structure for Chain Expressions confirms node 8*4 does NOT exist in AST for 3*8*4","status":"passed","title":"confirms node 8*4 does NOT exist in AST for 3*8*4","duration":0,"failureMessages":[]},{"ancestorTitles":["","Diagnostic: AST Structure for Chain Expressions"],"fullName":" Diagnostic: AST Structure for Chain Expressions parses 10-96+3 as left-associative ((10-96)+3)","status":"passed","title":"parses 10-96+3 as left-associative ((10-96)+3)","duration":0,"failureMessages":[]},{"ancestorTitles":["","Diagnostic: Domain Detection for Mixed Expressions"],"fullName":" Diagnostic: Domain Detection for Mixed Expressions parses 4+5/2 and left operand is integer, right is fraction","status":"passed","title":"parses 4+5/2 and left operand is integer, right is fraction","duration":0,"failureMessages":[]},{"ancestorTitles":["","Diagnostic: Domain Detection for Mixed Expressions"],"fullName":" Diagnostic: Domain Detection for Mixed Expressions parses (10-96)+3 and left operand is binaryOp (not integer)","status":"passed","title":"parses (10-96)+3 and left operand is binaryOp (not integer)","duration":0,"failureMessages":[]},{"ancestorTitles":["","DESIRED: Future Behavior for Associativity"],"fullName":" DESIRED: Future Behavior for Associativity should allow selecting 8*4 in 3*8*4 via semantic window or n-ary node","status":"skipped","title":"should allow selecting 8*4 in 3*8*4 via semantic window or n-ary node","failureMessages":[]},{"ancestorTitles":["","DESIRED: Future Behavior for Associativity"],"fullName":" DESIRED: Future Behavior for Associativity proposes P.INT_TO_FRAC as support hint for 4+5/2","status":"passed","title":"proposes P.INT_TO_FRAC as support hint for 4+5/2","duration":0,"failureMessages":[]},{"ancestorTitles":["","DESIRED: Future Behavior for Associativity"],"fullName":" DESIRED: Future Behavior for Associativity should allow regrouping (3*8)*4 to 3*(8*4) via associativity primitive","status":"skipped","title":"should allow regrouping (3*8)*4 to 3*(8*4) via associativity primitive","failureMessages":[]}],"startTime":1765690473924,"endTime":1765690473928,"status":"passed","message":"","name":"D:/G/backend-api-v1.http-server/tests/diag.click-associativity.test.ts"},{"assertionResults":[{"ancestorTitles":[""],"fullName":" Diagnose Decimal Division Scenarios","status":"passed","title":"Diagnose Decimal Division Scenarios","duration":11,"failureMessages":[]}],"startTime":1765690474719,"endTime":1765690474730,"status":"passed","message":"","name":"D:/G/backend-api-v1.http-server/tests/diagnose-decimal-division.test.ts"},{"assertionResults":[{"ancestorTitles":["","Decimal Diagnosis"],"fullName":" Decimal Diagnosis parses decimals as integers","status":"passed","title":"parses decimals as integers","duration":7,"failureMessages":[]},{"ancestorTitles":["","Decimal Diagnosis"],"fullName":" Decimal Diagnosis truncates decimals in addition","status":"passed","title":"truncates decimals in addition","duration":45,"failureMessages":[]}],"startTime":1765690476780,"endTime":1765690476832,"status":"passed","message":"","name":"D:/G/backend-api-v1.http-server/tests/diagnose-decimal.test.ts"},{"assertionResults":[{"ancestorTitles":["","V5 Integer Diagnosis"],"fullName":" V5 Integer Diagnosis diagnose 2 + 3 click 2 - returns choice without preferredPrimitiveId","status":"passed","title":"diagnose 2 + 3 click 2 - returns choice without preferredPrimitiveId","duration":19,"failureMessages":[]},{"ancestorTitles":["","V5 Integer Diagnosis"],"fullName":" V5 Integer Diagnosis diagnose 1 click 1 - returns choice without preferredPrimitiveId","status":"passed","title":"diagnose 1 click 1 - returns choice without preferredPrimitiveId","duration":2,"failureMessages":[]}],"startTime":1765690475273,"endTime":1765690475294,"status":"passed","message":"","name":"D:/G/backend-api-v1.http-server/tests/diagnose-integer-v5.test.ts"},{"assertionResults":[{"ancestorTitles":["","Multiplication Division Diagnostics"],"fullName":" Multiplication Division Diagnostics Integer Multiplication","status":"passed","title":"Integer Multiplication","duration":24,"failureMessages":[]},{"ancestorTitles":["","Multiplication Division Diagnostics"],"fullName":" Multiplication Division Diagnostics Integer Division Exact","status":"passed","title":"Integer Division Exact","duration":4,"failureMessages":[]},{"ancestorTitles":["","Multiplication Division Diagnostics"],"fullName":" Multiplication Division Diagnostics Integer Division Frac","status":"passed","title":"Integer Division Frac","duration":4,"failureMessages":[]},{"ancestorTitles":["","Multiplication Division Diagnostics"],"fullName":" Multiplication Division Diagnostics Fraction Multiplication","status":"passed","title":"Fraction Multiplication","duration":19,"failureMessages":[]},{"ancestorTitles":["","Multiplication Division Diagnostics"],"fullName":" Multiplication Division Diagnostics Fraction Division","status":"passed","title":"Fraction Division","duration":6,"failureMessages":[]},{"ancestorTitles":["","Multiplication Division Diagnostics"],"fullName":" Multiplication Division Diagnostics Decimal Multiplication","status":"passed","title":"Decimal Multiplication","duration":4,"failureMessages":[]},{"ancestorTitles":["","Multiplication Division Diagnostics"],"fullName":" Multiplication Division Diagnostics Decimal Division","status":"passed","title":"Decimal Division","duration":3,"failureMessages":[]}],"startTime":1765690476139,"endTime":1765690476203,"status":"passed","message":"","name":"D:/G/backend-api-v1.http-server/tests/diagnose-mul-div.test.ts"},{"assertionResults":[],"startTime":1765690473099,"endTime":1765690473099,"status":"failed","message":"No test suite found in file D:/G/backend-api-v1.http-server/tests/diagnostic-ast-structure.test.ts","name":"D:/G/backend-api-v1.http-server/tests/diagnostic-ast-structure.test.ts"},{"assertionResults":[{"ancestorTitles":["","E2 Fix: Interactivity for '\\cdot' and '\\div'","AST Parser"],"fullName":" E2 Fix: Interactivity for '\\cdot' and '\\div' AST Parser should parse '2 \\cdot 5' as binary multiplication (*)","status":"passed","title":"should parse '2 \\cdot 5' as binary multiplication (*)","duration":3,"failureMessages":[]},{"ancestorTitles":["","E2 Fix: Interactivity for '\\cdot' and '\\div'","AST Parser"],"fullName":" E2 Fix: Interactivity for '\\cdot' and '\\div' AST Parser should parse '3 \\times 8' as binary multiplication (*)","status":"passed","title":"should parse '3 \\times 8' as binary multiplication (*)","duration":1,"failureMessages":[]},{"ancestorTitles":["","E2 Fix: Interactivity for '\\cdot' and '\\div'","AST Parser"],"fullName":" E2 Fix: Interactivity for '\\cdot' and '\\div' AST Parser should normalize '/' to '\\div'","status":"passed","title":"should normalize '/' to '\\div'","duration":0,"failureMessages":[]},{"ancestorTitles":["","E2 Fix: Interactivity for '\\cdot' and '\\div'","AST Parser"],"fullName":" E2 Fix: Interactivity for '\\cdot' and '\\div' AST Parser should normalize ':' to '\\div'","status":"passed","title":"should normalize ':' to '\\div'","duration":0,"failureMessages":[]},{"ancestorTitles":["","E2 Fix: Interactivity for '\\cdot' and '\\div'","AST Parser"],"fullName":" E2 Fix: Interactivity for '\\cdot' and '\\div' AST Parser should parse mixed expression '2\\cdot 5 - 3\\cdot 8 \\div 4 + 5 \\div 2' correctly","status":"passed","title":"should parse mixed expression '2\\cdot 5 - 3\\cdot 8 \\div 4 + 5 \\div 2' correctly","duration":1,"failureMessages":[]}],"startTime":1765690475901,"endTime":1765690475906,"status":"passed","message":"","name":"D:/G/backend-api-v1.http-server/tests/E2_interactivity.test.ts"},{"assertionResults":[{"ancestorTitles":["","EngineHttpServer — /engine/step"],"fullName":" EngineHttpServer — /engine/step returns 200 and a JSON EngineStepResponse from HandlerPostEntryStep","status":"passed","title":"returns 200 and a JSON EngineStepResponse from HandlerPostEntryStep","duration":250,"failureMessages":[]},{"ancestorTitles":["","EngineHttpServer — /engine/step"],"fullName":" EngineHttpServer — /engine/step returns 400 on invalid JSON","status":"passed","title":"returns 400 on invalid JSON","duration":30,"failureMessages":[]}],"startTime":1765690476323,"endTime":1765690476603,"status":"passed","message":"","name":"D:/G/backend-api-v1.http-server/tests/EngineHttpServer.contract.test.ts"},{"assertionResults":[{"ancestorTitles":["","EngineHttpServer — e2e fraction addition with same denominator"],"fullName":" EngineHttpServer — e2e fraction addition with same denominator computes 1/3 + 2/3 -> 1/1 via HTTP using MapMasterLite invariants","status":"passed","title":"computes 1/3 + 2/3 -> 1/1 via HTTP using MapMasterLite invariants","duration":98,"failureMessages":[]}],"startTime":1765690475286,"endTime":1765690475384,"status":"passed","message":"","name":"D:/G/backend-api-v1.http-server/tests/EngineHttpServer.frac-add-same-den.e2e.test.ts"},{"assertionResults":[{"ancestorTitles":["","EngineHttpServer — e2e fraction addition"],"fullName":" EngineHttpServer — e2e fraction addition computes 1/3 + 2/5 -> 11/15 via HTTP","status":"passed","title":"computes 1/3 + 2/5 -> 11/15 via HTTP","duration":85,"failureMessages":[]}],"startTime":1765690476043,"endTime":1765690476128,"status":"passed","message":"","name":"D:/G/backend-api-v1.http-server/tests/EngineHttpServer.frac-add.e2e.test.ts"},{"assertionResults":[{"ancestorTitles":["","EngineHttpServer — e2e fraction simplify via invariants"],"fullName":" EngineHttpServer — e2e fraction simplify via invariants computes 6/8 -> 3/4 via HTTP using MapMasterLite invariants","status":"passed","title":"computes 6/8 -> 3/4 via HTTP using MapMasterLite invariants","duration":86,"failureMessages":[]}],"startTime":1765690476162,"endTime":1765690476248,"status":"passed","message":"","name":"D:/G/backend-api-v1.http-server/tests/EngineHttpServer.frac-simplify.e2e.test.ts"},{"assertionResults":[{"ancestorTitles":["","EngineHttpServer — e2e fraction subtraction with same denominator"],"fullName":" EngineHttpServer — e2e fraction subtraction with same denominator computes 5/7 - 2/7 -> 3/7 via HTTP using MapMasterLite invariants","status":"passed","title":"computes 5/7 - 2/7 -> 3/7 via HTTP using MapMasterLite invariants","duration":126,"failureMessages":[]}],"startTime":1765690476513,"endTime":1765690476639,"status":"passed","message":"","name":"D:/G/backend-api-v1.http-server/tests/EngineHttpServer.frac-sub-same-den.e2e.test.ts"},{"assertionResults":[{"ancestorTitles":["","EngineStepOrchestrator · performStepWithOrchestrator"],"fullName":" EngineStepOrchestrator · performStepWithOrchestrator returns error for unsupported modes","status":"passed","title":"returns error for unsupported modes","duration":3,"failureMessages":[]},{"ancestorTitles":["","EngineStepOrchestrator · performStepWithOrchestrator"],"fullName":" EngineStepOrchestrator · performStepWithOrchestrator returns noStep when primitiveRunnerDeps is missing","status":"passed","title":"returns noStep when primitiveRunnerDeps is missing","duration":1,"failureMessages":[]}],"startTime":1765690476754,"endTime":1765690476758,"status":"passed","message":"","name":"D:/G/backend-api-v1.http-server/tests/EngineStepOrchestrator.skeleton.test.ts"},{"assertionResults":[],"startTime":1765690473099,"endTime":1765690473099,"status":"failed","message":"Failed to load url ../stepmaster/StepMasterLite.js (resolved id: ../stepmaster/StepMasterLite.js) in D:/G/backend-api-v1.http-server/src/mapmaster/MapMasterStepMasterAdapter.ts. Does the file exist?","name":"D:/G/backend-api-v1.http-server/tests/EngineStepOrchestrator.stepmaster-integration.test.ts"},{"assertionResults":[{"ancestorTitles":["","E2E: /api/entry-step Stage 1 Alignment"],"fullName":" E2E: /api/entry-step Stage 1 Alignment should return candidates for Stage 1 integer addition (2 + 3)","status":"skipped","title":"should return candidates for Stage 1 integer addition (2 + 3)","failureMessages":[]},{"ancestorTitles":["","E2E: /api/entry-step Stage 1 Alignment"],"fullName":" E2E: /api/entry-step Stage 1 Alignment should return candidates for Stage 1 fraction addition (1/7 + 3/7)","status":"passed","title":"should return candidates for Stage 1 fraction addition (1/7 + 3/7)","duration":88,"failureMessages":[]}],"startTime":1765690474796,"endTime":1765690474884,"status":"passed","message":"","name":"D:/G/backend-api-v1.http-server/tests/entry-step.stage1.e2e.test.ts"},{"assertionResults":[{"ancestorTitles":["","Entry Step Primitive Debug"],"fullName":" Entry Step Primitive Debug returns choice for fraction sum 1/7 + 3/7 (V5 contract)","status":"failed","title":"returns choice for fraction sum 1/7 + 3/7 (V5 contract)","duration":20,"failureMessages":["expected 'engine-error' to be 'choice' // Object.is equality"],"location":{"line":55,"column":33}},{"ancestorTitles":["","Entry Step Primitive Debug"],"fullName":" Entry Step Primitive Debug handles mixed case 2 + 1/3 gracefully","status":"failed","title":"handles mixed case 2 + 1/3 gracefully","duration":4,"failureMessages":["expected [ 'choice', 'no-candidates', …(1) ] to include 'engine-error'"],"location":{"line":79,"column":61}}],"startTime":1765690475864,"endTime":1765690475888,"status":"failed","message":"","name":"D:/G/backend-api-v1.http-server/tests/EntryStepPrimitiveDebug.test.ts"},{"assertionResults":[{"ancestorTitles":["","Entry Step Stage 1 Smoke Test (legacy, disabled after primitives5 migration)"],"fullName":" Entry Step Stage 1 Smoke Test (legacy, disabled after primitives5 migration) is temporarily disabled while Stage 1 invariants are being replaced by primitives5 table","status":"skipped","title":"is temporarily disabled while Stage 1 invariants are being replaced by primitives5 table","failureMessages":[]}],"startTime":1765690473099,"endTime":1765690473099,"status":"passed","message":"","name":"D:/G/backend-api-v1.http-server/tests/EntryStepStage1Smoke.test.ts"},{"assertionResults":[{"ancestorTitles":["","V5 Fraction Execution Wiring"],"fullName":" V5 Fraction Execution Wiring should execute P.FRAC_ADD_SAME_DEN on binaryOp when fraction is clicked","status":"passed","title":"should execute P.FRAC_ADD_SAME_DEN on binaryOp when fraction is clicked","duration":57,"failureMessages":[]},{"ancestorTitles":["","V5 Fraction Execution Wiring"],"fullName":" V5 Fraction Execution Wiring should still execute P.INT_ADD on binaryOp for integers","status":"passed","title":"should still execute P.INT_ADD on binaryOp for integers","duration":30,"failureMessages":[]},{"ancestorTitles":["","V5 Fraction Execution Wiring"],"fullName":" V5 Fraction Execution Wiring should execute P.INT_ADD when integer node is clicked (Target Normalization)","status":"failed","title":"should execute P.INT_ADD when integer node is clicked (Target Normalization)","duration":14,"failureMessages":["expected 'choice' to be 'step-applied' // Object.is equality"],"location":{"line":147,"column":31}}],"startTime":1765690474347,"endTime":1765690474448,"status":"failed","message":"","name":"D:/G/backend-api-v1.http-server/tests/execution-fraction-v5.test.ts"},{"assertionResults":[{"ancestorTitles":["","Fraction Addition Same Denominator Regression","Guard Computation"],"fullName":" Fraction Addition Same Denominator Regression Guard Computation computes denominators-equal guard for 1/7+3/7","status":"passed","title":"computes denominators-equal guard for 1/7+3/7","duration":4,"failureMessages":[]},{"ancestorTitles":["","Fraction Addition Same Denominator Regression","Guard Computation"],"fullName":" Fraction Addition Same Denominator Regression Guard Computation computes denominators-equal guard for 1/2+1/2","status":"passed","title":"computes denominators-equal guard for 1/2+1/2","duration":0,"failureMessages":[]},{"ancestorTitles":["","Fraction Addition Same Denominator Regression","Guard Computation"],"fullName":" Fraction Addition Same Denominator Regression Guard Computation computes denominators-different guard for 1/3+1/4","status":"passed","title":"computes denominators-different guard for 1/3+1/4","duration":1,"failureMessages":[]},{"ancestorTitles":["","Fraction Addition Same Denominator Regression","Guard Computation"],"fullName":" Fraction Addition Same Denominator Regression Guard Computation computes denominators-equal for \\frac{1}{7} + \\frac{3}{7} (with spaces)","status":"passed","title":"computes denominators-equal for \\frac{1}{7} + \\frac{3}{7} (with spaces)","duration":1,"failureMessages":[]},{"ancestorTitles":["","Fraction Addition Same Denominator Regression","Guard Computation"],"fullName":" Fraction Addition Same Denominator Regression Guard Computation computes denominators-equal for \\frac{5}{9}+\\frac{2}{9} (no spaces)","status":"passed","title":"computes denominators-equal for \\frac{5}{9}+\\frac{2}{9} (no spaces)","duration":0,"failureMessages":[]},{"ancestorTitles":["","Fraction Addition Same Denominator Regression","Primitive Matching"],"fullName":" Fraction Addition Same Denominator Regression Primitive Matching matches P.FRAC_ADD_SAME_DEN for 1/7+3/7","status":"passed","title":"matches P.FRAC_ADD_SAME_DEN for 1/7+3/7","duration":0,"failureMessages":[]},{"ancestorTitles":["","Fraction Addition Same Denominator Regression","Primitive Matching"],"fullName":" Fraction Addition Same Denominator Regression Primitive Matching does NOT match P.FRAC_ADD_SAME_DEN for 1/3+1/4 (different denominators)","status":"passed","title":"does NOT match P.FRAC_ADD_SAME_DEN for 1/3+1/4 (different denominators)","duration":1,"failureMessages":[]},{"ancestorTitles":["","Fraction Addition Same Denominator Regression","Primitive Execution"],"fullName":" Fraction Addition Same Denominator Regression Primitive Execution executes P.FRAC_ADD_SAME_DEN for 1/7+3/7 -> 4/7","status":"passed","title":"executes P.FRAC_ADD_SAME_DEN for 1/7+3/7 -> 4/7","duration":1,"failureMessages":[]},{"ancestorTitles":["","Fraction Addition Same Denominator Regression","Primitive Execution"],"fullName":" Fraction Addition Same Denominator Regression Primitive Execution executes P.FRAC_ADD_SAME_DEN for 1/2+1/2 -> 2/2 (or 1)","status":"passed","title":"executes P.FRAC_ADD_SAME_DEN for 1/2+1/2 -> 2/2 (or 1)","duration":0,"failureMessages":[]}],"startTime":1765690474032,"endTime":1765690474042,"status":"passed","message":"","name":"D:/G/backend-api-v1.http-server/tests/frac-add-same-den-regression.test.ts"},{"assertionResults":[{"ancestorTitles":["","Frontend Debug Tool"],"fullName":" Frontend Debug Tool debug-tool.html exists and contains key elements","status":"passed","title":"debug-tool.html exists and contains key elements","duration":4,"failureMessages":[]},{"ancestorTitles":["","Frontend Debug Tool"],"fullName":" Frontend Debug Tool debug-tool.js exists and exports functions","status":"passed","title":"debug-tool.js exists and exports functions","duration":4,"failureMessages":[]}],"startTime":1765690476908,"endTime":1765690476916,"status":"passed","message":"","name":"D:/G/backend-api-v1.http-server/tests/frontend-debug-tool.test.ts"},{"assertionResults":[{"ancestorTitles":["","GenericPatternMatcher"],"fullName":" GenericPatternMatcher matches simple integer addition","status":"passed","title":"matches simple integer addition","duration":3,"failureMessages":[]},{"ancestorTitles":["","GenericPatternMatcher"],"fullName":" GenericPatternMatcher matches fraction addition with same denominator","status":"passed","title":"matches fraction addition with same denominator","duration":1,"failureMessages":[]},{"ancestorTitles":["","GenericPatternMatcher"],"fullName":" GenericPatternMatcher fails when structure does not match","status":"passed","title":"fails when structure does not match","duration":0,"failureMessages":[]},{"ancestorTitles":["","GenericPatternMatcher"],"fullName":" GenericPatternMatcher fails when variable constraints are not met","status":"passed","title":"fails when variable constraints are not met","duration":1,"failureMessages":[]},{"ancestorTitles":["","PrimitiveRunner with Patterns"],"fullName":" PrimitiveRunner with Patterns executes P.INT_ADD using pattern","status":"passed","title":"executes P.INT_ADD using pattern","duration":2,"failureMessages":[]},{"ancestorTitles":["","PrimitiveRunner with Patterns"],"fullName":" PrimitiveRunner with Patterns executes P.FRAC_ADD_SAME using pattern","status":"passed","title":"executes P.FRAC_ADD_SAME using pattern","duration":1,"failureMessages":[]}],"startTime":1765690476091,"endTime":1765690476099,"status":"passed","message":"","name":"D:/G/backend-api-v1.http-server/tests/GenericPatternMatching.test.ts"},{"assertionResults":[{"ancestorTitles":["","HandlerPostEntryStep — contract"],"fullName":" HandlerPostEntryStep — contract delegates a valid preview request to runOrchestratorStep","status":"passed","title":"delegates a valid preview request to runOrchestratorStep","duration":4,"failureMessages":[]},{"ancestorTitles":["","HandlerPostEntryStep — contract"],"fullName":" HandlerPostEntryStep — contract rejects non-object bodies","status":"passed","title":"rejects non-object bodies","duration":1,"failureMessages":[]},{"ancestorTitles":["","HandlerPostEntryStep — contract"],"fullName":" HandlerPostEntryStep — contract rejects missing required fields","status":"passed","title":"rejects missing required fields","duration":0,"failureMessages":[]},{"ancestorTitles":["","HandlerPostEntryStep — contract"],"fullName":" HandlerPostEntryStep — contract normalises thrown errors into engine-error","status":"passed","title":"normalises thrown errors into engine-error","duration":1,"failureMessages":[]}],"startTime":1765690475868,"endTime":1765690475874,"status":"passed","message":"","name":"D:/G/backend-api-v1.http-server/tests/HandlerPostEntryStep.contract.test.ts"},{"assertionResults":[{"ancestorTitles":["","HandlerPostOrchestratorStepV5"],"fullName":" HandlerPostOrchestratorStepV5 should handle P.INT_ADD (1 + 2) via HTTP","status":"passed","title":"should handle P.INT_ADD (1 + 2) via HTTP","duration":172,"failureMessages":[]},{"ancestorTitles":["","HandlerPostOrchestratorStepV5"],"fullName":" HandlerPostOrchestratorStepV5 should handle P.INT_DIV_TO_INT (4 : 2) via HTTP","status":"passed","title":"should handle P.INT_DIV_TO_INT (4 : 2) via HTTP","duration":21,"failureMessages":[]},{"ancestorTitles":["","HandlerPostOrchestratorStepV5"],"fullName":" HandlerPostOrchestratorStepV5 should handle P.INT_DIV_ZERO (5 : 0) gracefully via HTTP","status":"passed","title":"should handle P.INT_DIV_ZERO (5 : 0) gracefully via HTTP","duration":52,"failureMessages":[]},{"ancestorTitles":["","HandlerPostOrchestratorStepV5"],"fullName":" HandlerPostOrchestratorStepV5 should return 404 for unknown route","status":"passed","title":"should return 404 for unknown route","duration":3,"failureMessages":[]}],"startTime":1765690474816,"endTime":1765690475064,"status":"passed","message":"","name":"D:/G/backend-api-v1.http-server/tests/HandlerPostOrchestratorStepV5.test.ts"},{"assertionResults":[{"ancestorTitles":["","HandlerPostPrimitiveMapDebug"],"fullName":" HandlerPostPrimitiveMapDebug returns a Primitive Map for 1/7 + 3/7","status":"passed","title":"returns a Primitive Map for 1/7 + 3/7","duration":106,"failureMessages":[]}],"startTime":1765690475130,"endTime":1765690475236,"status":"passed","message":"","name":"D:/G/backend-api-v1.http-server/tests/HandlerPostPrimitiveMapDebug.test.ts"},{"assertionResults":[{"ancestorTitles":["","INT_TO_FRAC Direct Execution"],"fullName":" INT_TO_FRAC Direct Execution \"6\" with selectionPath=\"root\" => \"\\frac{6}{1}\"","status":"passed","title":"\"6\" with selectionPath=\"root\" => \"\\frac{6}{1}\"","duration":20,"failureMessages":[]},{"ancestorTitles":["","INT_TO_FRAC Direct Execution"],"fullName":" INT_TO_FRAC Direct Execution \"2+3\" with selectionPath=\"term[0]\" => contains \"\\frac{2}{1}\"","status":"passed","title":"\"2+3\" with selectionPath=\"term[0]\" => contains \"\\frac{2}{1}\"","duration":18,"failureMessages":[]},{"ancestorTitles":["","INT_TO_FRAC Direct Execution"],"fullName":" INT_TO_FRAC Direct Execution \"2+3\" with selectionPath=\"term[1]\" => contains \"\\frac{3}{1}\"","status":"passed","title":"\"2+3\" with selectionPath=\"term[1]\" => contains \"\\frac{3}{1}\"","duration":6,"failureMessages":[]},{"ancestorTitles":["","INT_TO_FRAC Direct Execution"],"fullName":" INT_TO_FRAC Direct Execution \"2+3\" with selectionPath=\"root\" => engine-error (root is binaryOp)","status":"passed","title":"\"2+3\" with selectionPath=\"root\" => engine-error (root is binaryOp)","duration":7,"failureMessages":[]},{"ancestorTitles":["","INT_TO_FRAC Direct Execution"],"fullName":" INT_TO_FRAC Direct Execution \"2*5\" with selectionPath=\"term[0]\" => contains \"\\frac{2}{1}\"","status":"passed","title":"\"2*5\" with selectionPath=\"term[0]\" => contains \"\\frac{2}{1}\"","duration":15,"failureMessages":[]},{"ancestorTitles":["","INT_TO_FRAC Direct Execution"],"fullName":" INT_TO_FRAC Direct Execution debugInfo includes bypassedStepMaster flag","status":"passed","title":"debugInfo includes bypassedStepMaster flag","duration":6,"failureMessages":[]}],"startTime":1765690474256,"endTime":1765690474329,"status":"passed","message":"","name":"D:/G/backend-api-v1.http-server/tests/int-to-frac-direct.test.ts"},{"assertionResults":[{"ancestorTitles":["","INT_TO_FRAC on fraction children","root fraction"],"fullName":" INT_TO_FRAC on fraction children root fraction should convert numerator: \\frac{2}{3} root.num => \\frac{\\frac{2}{1}}{3}","status":"passed","title":"should convert numerator: \\frac{2}{3} root.num => \\frac{\\frac{2}{1}}{3}","duration":118,"failureMessages":[]},{"ancestorTitles":["","INT_TO_FRAC on fraction children","root fraction"],"fullName":" INT_TO_FRAC on fraction children root fraction should convert denominator: \\frac{2}{3} root.den => \\frac{2}{\\frac{3}{1}}","status":"passed","title":"should convert denominator: \\frac{2}{3} root.den => \\frac{2}{\\frac{3}{1}}","duration":53,"failureMessages":[]},{"ancestorTitles":["","INT_TO_FRAC on fraction children","nested fraction (in binary expression)"],"fullName":" INT_TO_FRAC on fraction children nested fraction (in binary expression) should convert numerator: 1+\\frac{2}{3} term[1].num => 1+\\frac{\\frac{2}{1}}{3}","status":"passed","title":"should convert numerator: 1+\\frac{2}{3} term[1].num => 1+\\frac{\\frac{2}{1}}{3}","duration":32,"failureMessages":[]},{"ancestorTitles":["","INT_TO_FRAC on fraction children","nested fraction (in binary expression)"],"fullName":" INT_TO_FRAC on fraction children nested fraction (in binary expression) should convert denominator: 1+\\frac{2}{3} term[1].den => 1+\\frac{2}{\\frac{3}{1}}","status":"passed","title":"should convert denominator: 1+\\frac{2}{3} term[1].den => 1+\\frac{2}{\\frac{3}{1}}","duration":31,"failureMessages":[]},{"ancestorTitles":["","INT_TO_FRAC on fraction children","error cases"],"fullName":" INT_TO_FRAC on fraction children error cases should fail for .num on non-fraction node","status":"passed","title":"should fail for .num on non-fraction node","duration":17,"failureMessages":[]},{"ancestorTitles":["","INT_TO_FRAC on fraction children","error cases"],"fullName":" INT_TO_FRAC on fraction children error cases should fail for non-integer numerator","status":"passed","title":"should fail for non-integer numerator","duration":12,"failureMessages":[]},{"ancestorTitles":["","INT_TO_FRAC on fraction children","left-side fraction in expression"],"fullName":" INT_TO_FRAC on fraction children left-side fraction in expression should convert numerator: \\frac{4}{5}-1 term[0].num","status":"passed","title":"should convert numerator: \\frac{4}{5}-1 term[0].num","duration":25,"failureMessages":[]}],"startTime":1765690474440,"endTime":1765690474728,"status":"passed","message":"","name":"D:/G/backend-api-v1.http-server/tests/int-to-frac-fraction-children.test.ts"},{"assertionResults":[{"ancestorTitles":["","INT_TO_FRAC Nested Integer Fix","Root Integer (baseline)"],"fullName":" INT_TO_FRAC Nested Integer Fix Root Integer (baseline) converts '6' to '\\frac{6}{1}' with selectionPath='root'","status":"passed","title":"converts '6' to '\\frac{6}{1}' with selectionPath='root'","duration":10,"failureMessages":[]},{"ancestorTitles":["","INT_TO_FRAC Nested Integer Fix","Nested Integers"],"fullName":" INT_TO_FRAC Nested Integer Fix Nested Integers converts left operand in '2+3' using selectionPath='term[0]'","status":"passed","title":"converts left operand in '2+3' using selectionPath='term[0]'","duration":3,"failureMessages":[]},{"ancestorTitles":["","INT_TO_FRAC Nested Integer Fix","Nested Integers"],"fullName":" INT_TO_FRAC Nested Integer Fix Nested Integers converts right operand in '2+3' using selectionPath='term[1]'","status":"passed","title":"converts right operand in '2+3' using selectionPath='term[1]'","duration":3,"failureMessages":[]},{"ancestorTitles":["","INT_TO_FRAC Nested Integer Fix","Nested Integers"],"fullName":" INT_TO_FRAC Nested Integer Fix Nested Integers converts integer factor in '2*\\frac{1}{3}' using selectionPath='term[0]'","status":"passed","title":"converts integer factor in '2*\\frac{1}{3}' using selectionPath='term[0]'","duration":4,"failureMessages":[]},{"ancestorTitles":["","INT_TO_FRAC Nested Integer Fix","Nested Integers"],"fullName":" INT_TO_FRAC Nested Integer Fix Nested Integers auto-detects first integer when selectionPath is null","status":"passed","title":"auto-detects first integer when selectionPath is null","duration":3,"failureMessages":[]},{"ancestorTitles":["","INT_TO_FRAC Nested Integer Fix","Error Cases"],"fullName":" INT_TO_FRAC Nested Integer Fix Error Cases returns error when target is fraction, not integer","status":"passed","title":"returns error when target is fraction, not integer","duration":2,"failureMessages":[]},{"ancestorTitles":["","INT_TO_FRAC Nested Integer Fix","Error Cases"],"fullName":" INT_TO_FRAC Nested Integer Fix Error Cases returns error for pure fraction expression with no integers","status":"passed","title":"returns error for pure fraction expression with no integers","duration":6,"failureMessages":[]},{"ancestorTitles":["","INT_TO_FRAC Nested Integer Fix","preferredPrimitiveId Enforcement"],"fullName":" INT_TO_FRAC Nested Integer Fix preferredPrimitiveId Enforcement does NOT apply INT_ADD when preferredPrimitiveId is INT_TO_FRAC","status":"passed","title":"does NOT apply INT_ADD when preferredPrimitiveId is INT_TO_FRAC","duration":7,"failureMessages":[]}],"startTime":1765690474391,"endTime":1765690474430,"status":"passed","message":"","name":"D:/G/backend-api-v1.http-server/tests/int-to-frac-nested.test.ts"},{"assertionResults":[{"ancestorTitles":["","Integer Choice E2E Contract"],"fullName":" Integer Choice E2E Contract Step 1: clicking integer returns status='choice' with choices array","status":"passed","title":"Step 1: clicking integer returns status='choice' with choices array","duration":17,"failureMessages":[]},{"ancestorTitles":["","Integer Choice E2E Contract"],"fullName":" Integer Choice E2E Contract Step 2: sending preferredPrimitiveId returns status='step-applied' with result","status":"passed","title":"Step 2: sending preferredPrimitiveId returns status='step-applied' with result","duration":9,"failureMessages":[]},{"ancestorTitles":["","Integer Choice E2E Contract"],"fullName":" Integer Choice E2E Contract Full E2E: click integer in expression (2+3) -> choice -> apply -> result","status":"passed","title":"Full E2E: click integer in expression (2+3) -> choice -> apply -> result","duration":25,"failureMessages":[]}],"startTime":1765690475286,"endTime":1765690475337,"status":"passed","message":"","name":"D:/G/backend-api-v1.http-server/tests/integer-choice-e2e.test.ts"},{"assertionResults":[{"ancestorTitles":["","Integer Click Context Menu","Choice Response"],"fullName":" Integer Click Context Menu Choice Response returns status='choice' when clicking an integer node","status":"passed","title":"returns status='choice' when clicking an integer node","duration":17,"failureMessages":[]},{"ancestorTitles":["","Integer Click Context Menu","Choice Response"],"fullName":" Integer Click Context Menu Choice Response returns status='choice' for integer in expression (2+3 -> click on 2)","status":"passed","title":"returns status='choice' for integer in expression (2+3 -> click on 2)","duration":6,"failureMessages":[]},{"ancestorTitles":["","Integer Click Context Menu","preferredPrimitiveId Filtering"],"fullName":" Integer Click Context Menu preferredPrimitiveId Filtering applies P.INT_TO_FRAC when preferredPrimitiveId is provided","status":"passed","title":"applies P.INT_TO_FRAC when preferredPrimitiveId is provided","duration":28,"failureMessages":[]},{"ancestorTitles":["","Integer Click Context Menu","preferredPrimitiveId Filtering"],"fullName":" Integer Click Context Menu preferredPrimitiveId Filtering returns no-candidates for invalid preferredPrimitiveId","status":"passed","title":"returns no-candidates for invalid preferredPrimitiveId","duration":38,"failureMessages":[]},{"ancestorTitles":["","Integer Click Context Menu","Non-Integer Clicks"],"fullName":" Integer Click Context Menu Non-Integer Clicks does NOT return choice for operator clicks","status":"passed","title":"does NOT return choice for operator clicks","duration":20,"failureMessages":[]},{"ancestorTitles":["","Integer Click Context Menu","Non-Integer Clicks"],"fullName":" Integer Click Context Menu Non-Integer Clicks does NOT return choice for fraction clicks","status":"passed","title":"does NOT return choice for fraction clicks","duration":4,"failureMessages":[]}],"startTime":1765690474494,"endTime":1765690474608,"status":"passed","message":"","name":"D:/G/backend-api-v1.http-server/tests/integer-choice.test.ts"},{"assertionResults":[{"ancestorTitles":["","Invariant config loader — fractions-basic.v1"],"fullName":" Invariant config loader — fractions-basic.v1 loads invariants from config and MapMasterLite sees them","status":"passed","title":"loads invariants from config and MapMasterLite sees them","duration":4,"failureMessages":[]}],"startTime":1765690477194,"endTime":1765690477198,"status":"passed","message":"","name":"D:/G/backend-api-v1.http-server/tests/Invariants.config-loader.fractions-basic.v1.test.ts"},{"assertionResults":[{"ancestorTitles":["","Invariant course loader — default course"],"fullName":" Invariant course loader — default course loads registry from default.course.invariants.json and exposes primitives and rules","status":"failed","title":"loads registry from default.course.invariants.json and exposes primitives and rules","duration":13,"failureMessages":["expected false to be true // Object.is equality"],"location":{"line":38,"column":75}}],"startTime":1765690476903,"endTime":1765690476916,"status":"failed","message":"","name":"D:/G/backend-api-v1.http-server/tests/Invariants.course-loader.default-course.test.ts"},{"assertionResults":[{"ancestorTitles":["","Invariant Course Loader — loadInvariantRegistryFromFile"],"fullName":" Invariant Course Loader — loadInvariantRegistryFromFile loads the default course file and exposes primitives and rules","status":"failed","title":"loads the default course file and exposes primitives and rules","duration":14,"failureMessages":["expected false to be true // Object.is equality"],"location":{"line":24,"column":31}},{"ancestorTitles":["","Invariant Course Loader — loadInvariantRegistryFromFile"],"fullName":" Invariant Course Loader — loadInvariantRegistryFromFile throws a helpful error when the file does not exist","status":"passed","title":"throws a helpful error when the file does not exist","duration":2,"failureMessages":[]}],"startTime":1765690477171,"endTime":1765690477187,"status":"failed","message":"","name":"D:/G/backend-api-v1.http-server/tests/invariants.course-loader.test.ts"},{"assertionResults":[{"ancestorTitles":["","Invariants metadata — fractions-basic.v1"],"fullName":" Invariants metadata — fractions-basic.v1 exposes scenarioId and teachingTag for basic fraction invariants","status":"passed","title":"exposes scenarioId and teachingTag for basic fraction invariants","duration":3,"failureMessages":[]}],"startTime":1765690477248,"endTime":1765690477251,"status":"passed","message":"","name":"D:/G/backend-api-v1.http-server/tests/Invariants.metadata.fractions-basic.test.ts"},{"assertionResults":[{"ancestorTitles":["","validateInvariantModel"],"fullName":" validateInvariantModel accepts a valid model and returns normalized copies","status":"passed","title":"accepts a valid model and returns normalized copies","duration":5,"failureMessages":[]},{"ancestorTitles":["","validateInvariantModel"],"fullName":" validateInvariantModel rejects non-object input","status":"passed","title":"rejects non-object input","duration":1,"failureMessages":[]},{"ancestorTitles":["","validateInvariantModel"],"fullName":" validateInvariantModel rejects when primitives / invariantSets are not arrays","status":"passed","title":"rejects when primitives / invariantSets are not arrays","duration":0,"failureMessages":[]},{"ancestorTitles":["","validateInvariantModel"],"fullName":" validateInvariantModel detects duplicate primitive ids","status":"passed","title":"detects duplicate primitive ids","duration":0,"failureMessages":[]},{"ancestorTitles":["","validateInvariantModel"],"fullName":" validateInvariantModel detects unknown primitive ids in rules","status":"passed","title":"detects unknown primitive ids in rules","duration":0,"failureMessages":[]},{"ancestorTitles":["","validateInvariantModel"],"fullName":" validateInvariantModel validates rule level against VALID_LEVELS","status":"passed","title":"validates rule level against VALID_LEVELS","duration":0,"failureMessages":[]}],"startTime":1765690474575,"endTime":1765690474582,"status":"passed","message":"","name":"D:/G/backend-api-v1.http-server/tests/invariants.model.test.ts"},{"assertionResults":[{"ancestorTitles":["","InMemoryInvariantRegistry"],"fullName":" InMemoryInvariantRegistry builds from a validated model and exposes defensive copies","status":"passed","title":"builds from a validated model and exposes defensive copies","duration":4,"failureMessages":[]},{"ancestorTitles":["","InMemoryInvariantRegistry"],"fullName":" InMemoryInvariantRegistry looks up primitives and sets by id","status":"passed","title":"looks up primitives and sets by id","duration":1,"failureMessages":[]},{"ancestorTitles":["","InMemoryInvariantRegistry"],"fullName":" InMemoryInvariantRegistry finds rules by set and by primitive id","status":"passed","title":"finds rules by set and by primitive id","duration":1,"failureMessages":[]},{"ancestorTitles":["","InMemoryInvariantRegistry"],"fullName":" InMemoryInvariantRegistry returns empty arrays / undefined when nothing is found","status":"passed","title":"returns empty arrays / undefined when nothing is found","duration":1,"failureMessages":[]}],"startTime":1765690474944,"endTime":1765690474951,"status":"passed","message":"","name":"D:/G/backend-api-v1.http-server/tests/invariants.registry.test.ts"},{"assertionResults":[{"ancestorTitles":[""],"fullName":" LIVE-like: 15 div 5 -> P.INT_DIV_EXACT with correct guards","status":"passed","title":"LIVE-like: 15 div 5 -> P.INT_DIV_EXACT with correct guards","duration":5,"failureMessages":[]},{"ancestorTitles":[""],"fullName":" LIVE-like: 12 div 5 -> P.INT_DIV_TO_FRAC with correct guards","status":"passed","title":"LIVE-like: 12 div 5 -> P.INT_DIV_TO_FRAC with correct guards","duration":2,"failureMessages":[]},{"ancestorTitles":[""],"fullName":" LIVE-like: 1/2 div 3/5 -> P.FRAC_DIV_AS_MUL","status":"passed","title":"LIVE-like: 1/2 div 3/5 -> P.FRAC_DIV_AS_MUL","duration":1,"failureMessages":[]},{"ancestorTitles":[""],"fullName":" LIVE-like: 10 div 0 -> P.DIV_BY_ZERO","status":"passed","title":"LIVE-like: 10 div 0 -> P.DIV_BY_ZERO","duration":1,"failureMessages":[]}],"startTime":1765690474038,"endTime":1765690474047,"status":"passed","message":"","name":"D:/G/backend-api-v1.http-server/tests/live-division-resolution.test.ts"},{"assertionResults":[{"ancestorTitles":["","Global Map Builder"],"fullName":" Global Map Builder should build map for simple integer addition '1 + 2'","status":"passed","title":"should build map for simple integer addition '1 + 2'","duration":7,"failureMessages":[]},{"ancestorTitles":["","Global Map Builder"],"fullName":" Global Map Builder should build map for fraction addition '1/7 + 3/7'","status":"passed","title":"should build map for fraction addition '1/7 + 3/7'","duration":1,"failureMessages":[]},{"ancestorTitles":["","Global Map Builder"],"fullName":" Global Map Builder should build map for chained addition '1 + 2 + 3'","status":"passed","title":"should build map for chained addition '1 + 2 + 3'","duration":2,"failureMessages":[]},{"ancestorTitles":["","Global Map Builder"],"fullName":" Global Map Builder should handle expressions with no operators '42'","status":"passed","title":"should handle expressions with no operators '42'","duration":0,"failureMessages":[]}],"startTime":1765690475261,"endTime":1765690475271,"status":"passed","message":"","name":"D:/G/backend-api-v1.http-server/tests/mapmaster.global-map.builder.test.ts"},{"assertionResults":[{"ancestorTitles":["","MapMaster Stage1 Coverage","Fractions - Same Denominator"],"fullName":" MapMaster Stage1 Coverage Fractions - Same Denominator 1/7 + 3/7 (Add)","status":"passed","title":"1/7 + 3/7 (Add)","duration":7,"failureMessages":[]},{"ancestorTitles":["","MapMaster Stage1 Coverage","Fractions - Same Denominator"],"fullName":" MapMaster Stage1 Coverage Fractions - Same Denominator 5/9 - 2/9 (Sub)","status":"passed","title":"5/9 - 2/9 (Sub)","duration":1,"failureMessages":[]},{"ancestorTitles":["","MapMaster Stage1 Coverage","Integers"],"fullName":" MapMaster Stage1 Coverage Integers 3 + 5 (Add)","status":"passed","title":"3 + 5 (Add)","duration":2,"failureMessages":[]},{"ancestorTitles":["","MapMaster Stage1 Coverage","Integers"],"fullName":" MapMaster Stage1 Coverage Integers 10 - 4 (Sub)","status":"passed","title":"10 - 4 (Sub)","duration":1,"failureMessages":[]},{"ancestorTitles":["","MapMaster Stage1 Coverage","Mixed (Integer + Fraction)"],"fullName":" MapMaster Stage1 Coverage Mixed (Integer + Fraction) 3 + 2/7","status":"passed","title":"3 + 2/7","duration":1,"failureMessages":[]},{"ancestorTitles":["","MapMaster Stage1 Coverage","Mixed (Integer + Fraction)"],"fullName":" MapMaster Stage1 Coverage Mixed (Integer + Fraction) 5 - 1/9","status":"passed","title":"5 - 1/9","duration":1,"failureMessages":[]}],"startTime":1765690474102,"endTime":1765690474115,"status":"passed","message":"","name":"D:/G/backend-api-v1.http-server/tests/mapmaster.stage1.coverage.test.ts"},{"assertionResults":[{"ancestorTitles":["","MapMasterLite — fractions with same denominator"],"fullName":" MapMasterLite — fractions with same denominator selects P4.FRAC_ADD_BASIC for 1/3 + 2/3","status":"passed","title":"selects P4.FRAC_ADD_BASIC for 1/3 + 2/3","duration":3,"failureMessages":[]}],"startTime":1765690477298,"endTime":1765690477301,"status":"passed","message":"","name":"D:/G/backend-api-v1.http-server/tests/MapMasterLite.fractions-same-den.test.ts"},{"assertionResults":[{"ancestorTitles":["","MapMasterLite — fractions subtraction with same denominator"],"fullName":" MapMasterLite — fractions subtraction with same denominator selects P4.FRAC_ADD_BASIC for 5/7 - 2/7","status":"passed","title":"selects P4.FRAC_ADD_BASIC for 5/7 - 2/7","duration":4,"failureMessages":[]}],"startTime":1765690477268,"endTime":1765690477272,"status":"passed","message":"","name":"D:/G/backend-api-v1.http-server/tests/MapMasterLite.fractions-sub-same-den.test.ts"},{"assertionResults":[{"ancestorTitles":["","MapMasterLite — simple fraction sums"],"fullName":" MapMasterLite — simple fraction sums returns P4.FRAC_ADD_BASIC for a/b + c/d","status":"passed","title":"returns P4.FRAC_ADD_BASIC for a/b + c/d","duration":3,"failureMessages":[]},{"ancestorTitles":["","MapMasterLite — simple fraction sums"],"fullName":" MapMasterLite — simple fraction sums returns empty candidates for non-sum expressions","status":"passed","title":"returns empty candidates for non-sum expressions","duration":0,"failureMessages":[]},{"ancestorTitles":["","MapMasterLite — simple fraction sums"],"fullName":" MapMasterLite — simple fraction sums ignores whitespace and rejects zero denominators","status":"passed","title":"ignores whitespace and rejects zero denominators","duration":0,"failureMessages":[]}],"startTime":1765690476789,"endTime":1765690476793,"status":"passed","message":"","name":"D:/G/backend-api-v1.http-server/tests/MapMasterLite.fractions.test.ts"},{"assertionResults":[{"ancestorTitles":["","V5 Primitive Matcher - Domain Logic"],"fullName":" V5 Primitive Matcher - Domain Logic should match P.INT_ADD for integer operands","status":"passed","title":"should match P.INT_ADD for integer operands","duration":4,"failureMessages":[]},{"ancestorTitles":["","V5 Primitive Matcher - Domain Logic"],"fullName":" V5 Primitive Matcher - Domain Logic should match P.FRAC_ADD_SAME_DEN for fraction operands (same den)","status":"passed","title":"should match P.FRAC_ADD_SAME_DEN for fraction operands (same den)","duration":0,"failureMessages":[]}],"startTime":1765690476600,"endTime":1765690476604,"status":"passed","message":"","name":"D:/G/backend-api-v1.http-server/tests/matcher-domain-v5.test.ts"},{"assertionResults":[{"ancestorTitles":["","MapMaster Module Boundaries"],"fullName":" MapMaster Module Boundaries Dev Tool (debug-tool.js) uses debug endpoints and does NOT call /api/entry-step","status":"passed","title":"Dev Tool (debug-tool.js) uses debug endpoints and does NOT call /api/entry-step","duration":3,"failureMessages":[]},{"ancestorTitles":["","MapMaster Module Boundaries"],"fullName":" MapMaster Module Boundaries Student Viewer (main.js) does NOT call debug endpoints","status":"passed","title":"Student Viewer (main.js) does NOT call debug endpoints","duration":1,"failureMessages":[]},{"ancestorTitles":["","MapMaster Module Boundaries"],"fullName":" MapMaster Module Boundaries Engine Adapter (engine-adapter.js) does NOT call debug endpoints","status":"passed","title":"Engine Adapter (engine-adapter.js) does NOT call debug endpoints","duration":1,"failureMessages":[]}],"startTime":1765690476526,"endTime":1765690476531,"status":"passed","message":"","name":"D:/G/backend-api-v1.http-server/tests/module-boundaries.mapmaster-debug-endpoints.test.ts"},{"assertionResults":[{"ancestorTitles":["","Orchestrator V5 Flow"],"fullName":" Orchestrator V5 Flow should execute P.INT_ADD for '1 + 2' when anchored to operator","status":"passed","title":"should execute P.INT_ADD for '1 + 2' when anchored to operator","duration":15,"failureMessages":[]},{"ancestorTitles":["","Orchestrator V5 Flow"],"fullName":" Orchestrator V5 Flow should execute P.INT_DIV_EXACT for '4 \\div 2' with preferredPrimitiveId","status":"passed","title":"should execute P.INT_DIV_EXACT for '4 \\div 2' with preferredPrimitiveId","duration":7,"failureMessages":[]},{"ancestorTitles":["","Orchestrator V5 Flow"],"fullName":" Orchestrator V5 Flow should execute P.FRAC_ADD_SAME_DEN for '1/7 + 3/7'","status":"passed","title":"should execute P.FRAC_ADD_SAME_DEN for '1/7 + 3/7'","duration":19,"failureMessages":[]},{"ancestorTitles":["","Orchestrator V5 Flow"],"fullName":" Orchestrator V5 Flow should execute P.FRAC_SUB_SAME_DEN for '3/7 - 1/7'","status":"passed","title":"should execute P.FRAC_SUB_SAME_DEN for '3/7 - 1/7'","duration":13,"failureMessages":[]},{"ancestorTitles":["","Orchestrator V5 Flow"],"fullName":" Orchestrator V5 Flow should execute P.INT_TO_FRAC for '3' (normalization) with preferredPrimitiveId","status":"passed","title":"should execute P.INT_TO_FRAC for '3' (normalization) with preferredPrimitiveId","duration":4,"failureMessages":[]},{"ancestorTitles":["","Orchestrator V5 Flow"],"fullName":" Orchestrator V5 Flow should return 'choice' for '3' when no preferredPrimitiveId (single-click behavior)","status":"passed","title":"should return 'choice' for '3' when no preferredPrimitiveId (single-click behavior)","duration":2,"failureMessages":[]},{"ancestorTitles":["","Orchestrator V5 Flow"],"fullName":" Orchestrator V5 Flow should execute P.FRAC_MUL for '1/2 * 3/5'","status":"passed","title":"should execute P.FRAC_MUL for '1/2 * 3/5'","duration":37,"failureMessages":[]},{"ancestorTitles":["","Orchestrator V5 Flow"],"fullName":" Orchestrator V5 Flow should execute P.FRAC_DIV_AS_MUL for fraction division (convert to multiplication)","status":"passed","title":"should execute P.FRAC_DIV_AS_MUL for fraction division (convert to multiplication)","duration":47,"failureMessages":[]}],"startTime":1765690474431,"endTime":1765690474576,"status":"passed","message":"","name":"D:/G/backend-api-v1.http-server/tests/OrchestratorV5.test.ts"},{"assertionResults":[{"ancestorTitles":["","PrimitiveMapBuilder"],"fullName":" PrimitiveMapBuilder builds a ready P.FRAC_ADD_SAME_DEN primitive for 1/7 + 3/7","status":"passed","title":"builds a ready P.FRAC_ADD_SAME_DEN primitive for 1/7 + 3/7","duration":4,"failureMessages":[]},{"ancestorTitles":["","PrimitiveMapBuilder"],"fullName":" PrimitiveMapBuilder builds a ready P.FRAC_ADD_SAME_DEN primitive for 4/7 + 5/7","status":"passed","title":"builds a ready P.FRAC_ADD_SAME_DEN primitive for 4/7 + 5/7","duration":1,"failureMessages":[]},{"ancestorTitles":["","PrimitiveMapBuilder"],"fullName":" PrimitiveMapBuilder handles three-term sum 1/7 + 3/7 + 5/7 with one ready primitive and one none","status":"passed","title":"handles three-term sum 1/7 + 3/7 + 5/7 with one ready primitive and one none","duration":1,"failureMessages":[]},{"ancestorTitles":["","PrimitiveMapBuilder"],"fullName":" PrimitiveMapBuilder builds P.INT_ADD for 2 + 3","status":"passed","title":"builds P.INT_ADD for 2 + 3","duration":0,"failureMessages":[]},{"ancestorTitles":["","PrimitiveMapBuilder"],"fullName":" PrimitiveMapBuilder builds P.INT_SUB for 2 - 3","status":"passed","title":"builds P.INT_SUB for 2 - 3","duration":0,"failureMessages":[]}],"startTime":1765690476251,"endTime":1765690476257,"status":"passed","message":"","name":"D:/G/backend-api-v1.http-server/tests/PrimitiveMapBuilder.test.ts"},{"assertionResults":[{"ancestorTitles":["","PrimitiveRunner — OK / noStep / error scenarios"],"fullName":" PrimitiveRunner — OK / noStep / error scenarios OK scenario — primitive applied and AST changed","status":"passed","title":"OK scenario — primitive applied and AST changed","duration":3,"failureMessages":[]},{"ancestorTitles":["","PrimitiveRunner — OK / noStep / error scenarios"],"fullName":" PrimitiveRunner — OK / noStep / error scenarios NO STEP — no primitive applicable","status":"passed","title":"NO STEP — no primitive applicable","duration":1,"failureMessages":[]},{"ancestorTitles":["","PrimitiveRunner — OK / noStep / error scenarios"],"fullName":" PrimitiveRunner — OK / noStep / error scenarios NO STEP — expression already simplified","status":"passed","title":"NO STEP — expression already simplified","duration":0,"failureMessages":[]},{"ancestorTitles":["","PrimitiveRunner — OK / noStep / error scenarios"],"fullName":" PrimitiveRunner — OK / noStep / error scenarios PARSE-ERROR — parser throws ParseError","status":"passed","title":"PARSE-ERROR — parser throws ParseError","duration":1,"failureMessages":[]},{"ancestorTitles":["","PrimitiveRunner — OK / noStep / error scenarios"],"fullName":" PrimitiveRunner — OK / noStep / error scenarios ENGINE-ERROR — engine throws generic error","status":"passed","title":"ENGINE-ERROR — engine throws generic error","duration":0,"failureMessages":[]},{"ancestorTitles":["","PrimitiveRunner — OK / noStep / error scenarios"],"fullName":" PrimitiveRunner — OK / noStep / error scenarios CONFIG-ERROR — empty primitiveIds list","status":"passed","title":"CONFIG-ERROR — empty primitiveIds list","duration":0,"failureMessages":[]}],"startTime":1765690473947,"endTime":1765690473952,"status":"passed","message":"","name":"D:/G/backend-api-v1.http-server/tests/PrimitiveRunner.skeleton.test.ts"},{"assertionResults":[{"ancestorTitles":["","Step Debug Endpoint"],"fullName":" Step Debug Endpoint POST /api/step-debug returns step decision for valid input","status":"passed","title":"POST /api/step-debug returns step decision for valid input","duration":193,"failureMessages":[]},{"ancestorTitles":["","Step Debug Endpoint"],"fullName":" Step Debug Endpoint POST /api/step-debug handles no candidates gracefully","status":"passed","title":"POST /api/step-debug handles no candidates gracefully","duration":27,"failureMessages":[]}],"startTime":1765690475499,"endTime":1765690475719,"status":"passed","message":"","name":"D:/G/backend-api-v1.http-server/tests/step-debug-endpoint.test.ts"},{"assertionResults":[{"ancestorTitles":["","StepMaster Core"],"fullName":" StepMaster Core returns no-candidates if input list is empty","status":"passed","title":"returns no-candidates if input list is empty","duration":3,"failureMessages":[]},{"ancestorTitles":["","StepMaster Core"],"fullName":" StepMaster Core chooses the first candidate if available","status":"passed","title":"chooses the first candidate if available","duration":1,"failureMessages":[]},{"ancestorTitles":["","StepMaster Core"],"fullName":" StepMaster Core filters out repetitive candidates","status":"passed","title":"filters out repetitive candidates","duration":1,"failureMessages":[]}],"startTime":1765690476168,"endTime":1765690476173,"status":"passed","message":"","name":"D:/G/backend-api-v1.http-server/tests/StepMaster.core.test.ts"},{"assertionResults":[{"ancestorTitles":["","StepMaster Stage 1 Coverage"],"fullName":" StepMaster Stage 1 Coverage FRAC_ADD_SAME_DEN_STAGE1 produces primitives","status":"passed","title":"FRAC_ADD_SAME_DEN_STAGE1 produces primitives","duration":163,"failureMessages":[]},{"ancestorTitles":["","StepMaster Stage 1 Coverage"],"fullName":" StepMaster Stage 1 Coverage FRAC_SUB_SAME_DEN_STAGE1 produces primitives","status":"passed","title":"FRAC_SUB_SAME_DEN_STAGE1 produces primitives","duration":14,"failureMessages":[]},{"ancestorTitles":["","StepMaster Stage 1 Coverage"],"fullName":" StepMaster Stage 1 Coverage INT_ADD_STAGE1 produces primitives","status":"passed","title":"INT_ADD_STAGE1 produces primitives","duration":40,"failureMessages":[]},{"ancestorTitles":["","StepMaster Stage 1 Coverage"],"fullName":" StepMaster Stage 1 Coverage MIXED_INT_TO_FRAC_STAGE1 produces primitives","status":"passed","title":"MIXED_INT_TO_FRAC_STAGE1 produces primitives","duration":10,"failureMessages":[]}],"startTime":1765690474790,"endTime":1765690475017,"status":"passed","message":"","name":"D:/G/backend-api-v1.http-server/tests/stepmaster.stage1.coverage.test.ts"},{"assertionResults":[{"ancestorTitles":["","StepMasterLite — scenario-based selection policy"],"fullName":" StepMasterLite — scenario-based selection policy returns undefined when there are no candidates","status":"passed","title":"returns undefined when there are no candidates","duration":2,"failureMessages":[]},{"ancestorTitles":["","StepMasterLite — scenario-based selection policy"],"fullName":" StepMasterLite — scenario-based selection policy falls back to the first candidate when there is no scenario metadata","status":"passed","title":"falls back to the first candidate when there is no scenario metadata","duration":1,"failureMessages":[]},{"ancestorTitles":["","StepMasterLite — scenario-based selection policy"],"fullName":" StepMasterLite — scenario-based selection policy prefers SCN.FRAC_ADD_DIFF_DEN over other scenarios when available","status":"passed","title":"prefers SCN.FRAC_ADD_DIFF_DEN over other scenarios when available","duration":0,"failureMessages":[]}],"startTime":1765690476790,"endTime":1765690476793,"status":"passed","message":"","name":"D:/G/backend-api-v1.http-server/tests/StepMasterLite.basic.test.ts"},{"assertionResults":[{"ancestorTitles":["","StepMaster Locality (Cursor Dictatorship)"],"fullName":" StepMaster Locality (Cursor Dictatorship) selects candidate matching actionTarget","status":"passed","title":"selects candidate matching actionTarget","duration":3,"failureMessages":[]},{"ancestorTitles":["","StepMaster Locality (Cursor Dictatorship)"],"fullName":" StepMaster Locality (Cursor Dictatorship) returns no-candidates if no candidate matches actionTarget","status":"passed","title":"returns no-candidates if no candidate matches actionTarget","duration":0,"failureMessages":[]},{"ancestorTitles":["","StepMaster Locality (Cursor Dictatorship)"],"fullName":" StepMaster Locality (Cursor Dictatorship) ignores actionTarget if not provided (fallback behavior)","status":"passed","title":"ignores actionTarget if not provided (fallback behavior)","duration":1,"failureMessages":[]}],"startTime":1765690476175,"endTime":1765690476180,"status":"passed","message":"","name":"D:/G/backend-api-v1.http-server/tests/StepMasterLocality.test.ts"},{"assertionResults":[{"ancestorTitles":["","Step Snapshot Integration"],"fullName":" Step Snapshot Integration captures snapshot after a successful step","status":"passed","title":"captures snapshot after a successful step","duration":62,"failureMessages":[]}],"startTime":1765690475267,"endTime":1765690475329,"status":"passed","message":"","name":"D:/G/backend-api-v1.http-server/tests/step_snapshot.test.ts"},{"assertionResults":[{"ancestorTitles":["","Step Snapshot Session Store"],"fullName":" Step Snapshot Session Store accumulates snapshots in session history","status":"passed","title":"accumulates snapshots in session history","duration":3,"failureMessages":[]},{"ancestorTitles":["","Step Snapshot Session Store"],"fullName":" Step Snapshot Session Store resets session history","status":"passed","title":"resets session history","duration":1,"failureMessages":[]}],"startTime":1765690477179,"endTime":1765690477183,"status":"passed","message":"","name":"D:/G/backend-api-v1.http-server/tests/step_snapshot_session.test.ts"},{"assertionResults":[{"ancestorTitles":["","Support Candidate Emission for Mixed Expressions"],"fullName":" Support Candidate Emission for Mixed Expressions emits P.INT_TO_FRAC support candidate for 4 + \\frac{5}{2}","status":"passed","title":"emits P.INT_TO_FRAC support candidate for 4 + \\frac{5}{2}","duration":6,"failureMessages":[]},{"ancestorTitles":["","Support Candidate Emission for Mixed Expressions"],"fullName":" Support Candidate Emission for Mixed Expressions emits P.INT_TO_FRAC support candidate for \\frac{1}{3} - 2","status":"passed","title":"emits P.INT_TO_FRAC support candidate for \\frac{1}{3} - 2","duration":1,"failureMessages":[]},{"ancestorTitles":["","Support Candidate Emission for Mixed Expressions"],"fullName":" Support Candidate Emission for Mixed Expressions does NOT emit support candidate when both operands are fractions","status":"passed","title":"does NOT emit support candidate when both operands are fractions","duration":1,"failureMessages":[]},{"ancestorTitles":["","Support Candidate Emission for Mixed Expressions"],"fullName":" Support Candidate Emission for Mixed Expressions does NOT emit support candidate when both operands are integers","status":"passed","title":"does NOT emit support candidate when both operands are integers","duration":1,"failureMessages":[]}],"startTime":1765690474102,"endTime":1765690474111,"status":"passed","message":"","name":"D:/G/backend-api-v1.http-server/tests/support-candidate-mixed.test.ts"},{"assertionResults":[{"ancestorTitles":["","TraceHub Endpoints","TraceHub Module"],"fullName":" TraceHub Endpoints TraceHub Module starts with count 0 after reset","status":"passed","title":"starts with count 0 after reset","duration":2,"failureMessages":[]},{"ancestorTitles":["","TraceHub Endpoints","TraceHub Module"],"fullName":" TraceHub Endpoints TraceHub Module emits events and increments count","status":"passed","title":"emits events and increments count","duration":1,"failureMessages":[]},{"ancestorTitles":["","TraceHub Endpoints","TraceHub Module"],"fullName":" TraceHub Endpoints TraceHub Module returns null for lastTraceId when empty","status":"passed","title":"returns null for lastTraceId when empty","duration":0,"failureMessages":[]},{"ancestorTitles":["","TraceHub Endpoints","TraceHub Module"],"fullName":" TraceHub Endpoints TraceHub Module returns correct lastTraceId after emit","status":"passed","title":"returns correct lastTraceId after emit","duration":2,"failureMessages":[]},{"ancestorTitles":["","TraceHub Endpoints","TraceHub Module"],"fullName":" TraceHub Endpoints TraceHub Module toJsonl returns proper JSONL format","status":"passed","title":"toJsonl returns proper JSONL format","duration":2,"failureMessages":[]},{"ancestorTitles":["","TraceHub Endpoints","TraceHub Module"],"fullName":" TraceHub Endpoints TraceHub Module getLastN returns last N events","status":"passed","title":"getLastN returns last N events","duration":1,"failureMessages":[]},{"ancestorTitles":["","TraceHub Endpoints","TraceHub Module"],"fullName":" TraceHub Endpoints TraceHub Module reset clears all events","status":"passed","title":"reset clears all events","duration":0,"failureMessages":[]}],"startTime":1765690475973,"endTime":1765690475981,"status":"passed","message":"","name":"D:/G/backend-api-v1.http-server/tests/TraceHub.test.ts"},{"assertionResults":[{"ancestorTitles":[""],"fullName":" Decimal Division: 12.5 / 0.5 -> 25","status":"passed","title":"Decimal Division: 12.5 / 0.5 -> 25","duration":6,"failureMessages":[]},{"ancestorTitles":[""],"fullName":" Decimal Division: 1.5 / 0.25 -> 6","status":"passed","title":"Decimal Division: 1.5 / 0.25 -> 6","duration":1,"failureMessages":[]},{"ancestorTitles":[""],"fullName":" Decimal Division: 12.5 / 5 -> 2.5","status":"passed","title":"Decimal Division: 12.5 / 5 -> 2.5","duration":1,"failureMessages":[]},{"ancestorTitles":[""],"fullName":" Decimal Division: 5 / 0.5 -> 10","status":"passed","title":"Decimal Division: 5 / 0.5 -> 10","duration":1,"failureMessages":[]},{"ancestorTitles":[""],"fullName":" Decimal Division: 10 / 4 -> 2.5 (Exact Decimal)","status":"passed","title":"Decimal Division: 10 / 4 -> 2.5 (Exact Decimal)","duration":0,"failureMessages":[]},{"ancestorTitles":[""],"fullName":" Decimal Division: 10.0 / 4 -> 2.5","status":"passed","title":"Decimal Division: 10.0 / 4 -> 2.5","duration":1,"failureMessages":[]}],"startTime":1765690474038,"endTime":1765690474048,"status":"passed","message":"","name":"D:/G/backend-api-v1.http-server/tests/verify-decimal-div.test.ts"},{"assertionResults":[{"ancestorTitles":[""],"fullName":" Decimal to Fraction: 0.3 -> 3/10","status":"passed","title":"Decimal to Fraction: 0.3 -> 3/10","duration":8,"failureMessages":[]},{"ancestorTitles":[""],"fullName":" Decimal to Fraction: 1.25 -> 5/4 (simplified)","status":"passed","title":"Decimal to Fraction: 1.25 -> 5/4 (simplified)","duration":1,"failureMessages":[]},{"ancestorTitles":[""],"fullName":" Decimal to Fraction: 12.5 -> 25/2 (simplified)","status":"passed","title":"Decimal to Fraction: 12.5 -> 25/2 (simplified)","duration":1,"failureMessages":[]},{"ancestorTitles":[""],"fullName":" Decimal to Fraction: 0.125 -> 1/8 (simplified)","status":"passed","title":"Decimal to Fraction: 0.125 -> 1/8 (simplified)","duration":0,"failureMessages":[]},{"ancestorTitles":[""],"fullName":" Decimal to Fraction: 0.5 -> 1/2 (simplified)","status":"passed","title":"Decimal to Fraction: 0.5 -> 1/2 (simplified)","duration":1,"failureMessages":[]},{"ancestorTitles":[""],"fullName":" Decimal to Fraction: 2.75 -> 11/4 (simplified)","status":"passed","title":"Decimal to Fraction: 2.75 -> 11/4 (simplified)","duration":0,"failureMessages":[]},{"ancestorTitles":[""],"fullName":" Decimal to Fraction in expression: 5 + 0.3, click on 0.3","status":"passed","title":"Decimal to Fraction in expression: 5 + 0.3, click on 0.3","duration":2,"failureMessages":[]},{"ancestorTitles":[""],"fullName":" Decimal to Fraction: negative -0.5 -> -1/2","status":"passed","title":"Decimal to Fraction: negative -0.5 -> -1/2","duration":0,"failureMessages":[]}],"startTime":1765690475093,"endTime":1765690475106,"status":"passed","message":"","name":"D:/G/backend-api-v1.http-server/tests/verify-decimal-to-frac.test.ts"},{"assertionResults":[{"ancestorTitles":["","V5 Primitive Verification: P.FRAC_ADD_SAME_DEN"],"fullName":" V5 Primitive Verification: P.FRAC_ADD_SAME_DEN Case 1: 1/7 + 3/7 -> 4/7","status":"passed","title":"Case 1: 1/7 + 3/7 -> 4/7","duration":6,"failureMessages":[]},{"ancestorTitles":["","V5 Primitive Verification: P.FRAC_ADD_SAME_DEN"],"fullName":" V5 Primitive Verification: P.FRAC_ADD_SAME_DEN Case 2: 5/7 + 2/7 -> 7/7","status":"passed","title":"Case 2: 5/7 + 2/7 -> 7/7","duration":1,"failureMessages":[]},{"ancestorTitles":["","V5 Primitive Verification: P.FRAC_ADD_SAME_DEN"],"fullName":" V5 Primitive Verification: P.FRAC_ADD_SAME_DEN Case 3: 5/7 - 2/7 -> 3/7 (Legacy Logic Check)","status":"passed","title":"Case 3: 5/7 - 2/7 -> 3/7 (Legacy Logic Check)","duration":1,"failureMessages":[]},{"ancestorTitles":["","V5 Primitive Verification: P.FRAC_ADD_SAME_DEN"],"fullName":" V5 Primitive Verification: P.FRAC_ADD_SAME_DEN Case 4: Guard Failure (Different Denominators)","status":"passed","title":"Case 4: Guard Failure (Different Denominators)","duration":1,"failureMessages":[]}],"startTime":1765690476564,"endTime":1765690476573,"status":"passed","message":"","name":"D:/G/backend-api-v1.http-server/tests/verify-frac-add-v5.test.ts"},{"assertionResults":[{"ancestorTitles":[""],"fullName":" 1/2 div 3/5 -> select P.FRAC_DIV_AS_MUL and transform to 1/2 * 5/3","status":"passed","title":"1/2 div 3/5 -> select P.FRAC_DIV_AS_MUL and transform to 1/2 * 5/3","duration":17,"failureMessages":[]},{"ancestorTitles":[""],"fullName":" 2/3 div 4/5 -> select P.FRAC_DIV_AS_MUL","status":"passed","title":"2/3 div 4/5 -> select P.FRAC_DIV_AS_MUL","duration":2,"failureMessages":[]}],"startTime":1765690475273,"endTime":1765690475292,"status":"passed","message":"","name":"D:/G/backend-api-v1.http-server/tests/verify-frac-div-as-mul.test.ts"},{"assertionResults":[{"ancestorTitles":[""],"fullName":" Verify Fraction Multiplication Selection","status":"passed","title":"Verify Fraction Multiplication Selection","duration":36,"failureMessages":[]}],"startTime":1765690476725,"endTime":1765690476761,"status":"passed","message":"","name":"D:/G/backend-api-v1.http-server/tests/verify-frac-mul.test.ts"},{"assertionResults":[{"ancestorTitles":["","Infrastructure Verification"],"fullName":" Infrastructure Verification GET /health returns 200 OK","status":"passed","title":"GET /health returns 200 OK","duration":105,"failureMessages":[]},{"ancestorTitles":["","Infrastructure Verification"],"fullName":" Infrastructure Verification POST /api/entry-step with invalid JSON returns 400","status":"passed","title":"POST /api/entry-step with invalid JSON returns 400","duration":33,"failureMessages":[]},{"ancestorTitles":["","Infrastructure Verification"],"fullName":" Infrastructure Verification POST /api/entry-step with valid JSON returns 200","status":"passed","title":"POST /api/entry-step with valid JSON returns 200","duration":48,"failureMessages":[]}],"startTime":1765690476979,"endTime":1765690477165,"status":"passed","message":"","name":"D:/G/backend-api-v1.http-server/tests/verify-infrastructure.test.ts"},{"assertionResults":[{"ancestorTitles":[""],"fullName":" Verify Integer Division Runner Logic","status":"passed","title":"Verify Integer Division Runner Logic","duration":5,"failureMessages":[]}],"startTime":1765690476698,"endTime":1765690476703,"status":"passed","message":"","name":"D:/G/backend-api-v1.http-server/tests/verify-int-div.test.ts"},{"assertionResults":[{"ancestorTitles":["","Primitive Validation"],"fullName":" Primitive Validation rejects step with invalid primitive ID","status":"passed","title":"rejects step with invalid primitive ID","duration":14,"failureMessages":[]}],"startTime":1765690476844,"endTime":1765690476858,"status":"passed","message":"","name":"D:/G/backend-api-v1.http-server/tests/verify-primitive-validation.test.ts"},{"assertionResults":[{"ancestorTitles":["","Stage-1 Atomic Behavior"],"fullName":" Stage-1 Atomic Behavior FRAC_ADD_SAME: 1/7 + 3/7 -> 4/7","status":"passed","title":"FRAC_ADD_SAME: 1/7 + 3/7 -> 4/7","duration":40,"failureMessages":[]},{"ancestorTitles":["","Stage-1 Atomic Behavior"],"fullName":" Stage-1 Atomic Behavior FRAC_ADD_SAME: 5/7 + 2/7 -> 7/7","status":"passed","title":"FRAC_ADD_SAME: 5/7 + 2/7 -> 7/7","duration":16,"failureMessages":[]},{"ancestorTitles":["","Stage-1 Atomic Behavior"],"fullName":" Stage-1 Atomic Behavior FRAC_SUB_SAME: 5/7 - 2/7 -> 3/7","status":"passed","title":"FRAC_SUB_SAME: 5/7 - 2/7 -> 3/7","duration":15,"failureMessages":[]},{"ancestorTitles":["","Stage-1 Atomic Behavior"],"fullName":" Stage-1 Atomic Behavior INT_PLUS_FRAC: 3 + 5/7 -> no-candidates (Stage-1 Strict)","status":"passed","title":"INT_PLUS_FRAC: 3 + 5/7 -> no-candidates (Stage-1 Strict)","duration":9,"failureMessages":[]},{"ancestorTitles":["","Stage-1 Atomic Behavior"],"fullName":" Stage-1 Atomic Behavior INT_PLUS_FRAC: 5/7 + 3 -> no-candidates (Stage-1 Strict)","status":"passed","title":"INT_PLUS_FRAC: 5/7 + 3 -> no-candidates (Stage-1 Strict)","duration":6,"failureMessages":[]},{"ancestorTitles":["","Stage-1 Atomic Behavior"],"fullName":" Stage-1 Atomic Behavior INT_DIV_EXACT: Should NOT be chosen on '+' click in (6/2 + 12/2)","status":"passed","title":"INT_DIV_EXACT: Should NOT be chosen on '+' click in (6/2 + 12/2)","duration":7,"failureMessages":[]},{"ancestorTitles":["","Stage-1 Atomic Behavior"],"fullName":" Stage-1 Atomic Behavior Regression: 2 + 3 - 1 flow (INT_ADD then INT_SUB)","status":"passed","title":"Regression: 2 + 3 - 1 flow (INT_ADD then INT_SUB)","duration":10,"failureMessages":[]},{"ancestorTitles":["","Stage-1 Atomic Behavior"],"fullName":" Stage-1 Atomic Behavior Regression: 1/7 + 3/7 anchoring (FRAC_ADD_SAME vs INT_DIV_EXACT)","status":"passed","title":"Regression: 1/7 + 3/7 anchoring (FRAC_ADD_SAME vs INT_DIV_EXACT)","duration":4,"failureMessages":[]},{"ancestorTitles":["","Stage-1 Atomic Behavior"],"fullName":" Stage-1 Atomic Behavior Regression: 3 + 6 - (5/7 + 2/7) anchoring","status":"passed","title":"Regression: 3 + 6 - (5/7 + 2/7) anchoring","duration":4,"failureMessages":[]}],"startTime":1765690474259,"endTime":1765690474370,"status":"passed","message":"","name":"D:/G/backend-api-v1.http-server/tests/atomic/atomic-stage1.test.ts"},{"assertionResults":[{"ancestorTitles":["","PrimitiveMaster"],"fullName":" PrimitiveMaster returns no-match when AST is not augmented with IDs (2 + 3)","status":"passed","title":"returns no-match when AST is not augmented with IDs (2 + 3)","duration":5,"failureMessages":[]},{"ancestorTitles":["","PrimitiveMaster"],"fullName":" PrimitiveMaster returns no-match when AST is not augmented with IDs (1/5 + 2/5)","status":"passed","title":"returns no-match when AST is not augmented with IDs (1/5 + 2/5)","duration":1,"failureMessages":[]},{"ancestorTitles":["","PrimitiveMaster"],"fullName":" PrimitiveMaster returns no-match for fractions with different denominators (1/2 + 1/3)","status":"passed","title":"returns no-match for fractions with different denominators (1/2 + 1/3)","duration":2,"failureMessages":[]},{"ancestorTitles":["","PrimitiveMaster"],"fullName":" PrimitiveMaster returns no-match for multiplication 2 * 3","status":"passed","title":"returns no-match for multiplication 2 * 3","duration":2,"failureMessages":[]}],"startTime":1765690475769,"endTime":1765690475780,"status":"passed","message":"","name":"D:/G/backend-api-v1.http-server/tests/primitive-master/PrimitiveMaster.test.ts"}]}